Arguments: 
  /usr/local/bin/node /usr/local/Cellar/yarn/1.16.0/libexec/bin/yarn.js add --dev @types/image-js

PATH: 
  /Users/barna/.cargo/bin:/Library/Frameworks/Python.framework/Versions/3.8/bin:/usr/local/bin:/usr/bin:/bin:/usr/sbin:/sbin:/Library/TeX/texbin:/usr/local/share/dotnet:~/.dotnet/tools:/Library/Frameworks/Mono.framework/Versions/Current/Commands

Yarn version: 
  1.16.0

Node version: 
  10.15.3

Platform: 
  darwin x64

Trace: 
  Error: https://registry.yarnpkg.com/@types%2fimage-js: Not found
      at Request.params.callback [as _callback] (/usr/local/Cellar/yarn/1.16.0/libexec/lib/cli.js:66091:18)
      at Request.self.callback (/usr/local/Cellar/yarn/1.16.0/libexec/lib/cli.js:129590:22)
      at Request.emit (events.js:189:13)
      at Request.<anonymous> (/usr/local/Cellar/yarn/1.16.0/libexec/lib/cli.js:130562:10)
      at Request.emit (events.js:189:13)
      at IncomingMessage.<anonymous> (/usr/local/Cellar/yarn/1.16.0/libexec/lib/cli.js:130484:12)
      at Object.onceWrapper (events.js:277:13)
      at IncomingMessage.emit (events.js:194:15)
      at endReadableNT (_stream_readable.js:1125:12)
      at process._tickCallback (internal/process/next_tick.js:63:19)

npm manifest: 
  {
    "name": "camdistance-backend",
    "version": "1.0.0",
    "main": "index.js",
    "author": "Dewyer",
    "license": "MIT",
    "private": true,
    "scripts": {
      "compile": "tsc",
      "debug": "yarn compile&&node ./dist/index.js"
    },
    "dependencies": {
      "canny-edge-detector": "^1.0.0",
      "image-js": "^0.21.8",
      "jimp": "^0.9.3"
    }
  }

yarn manifest: 
  No manifest

Lockfile: 
  # THIS IS AN AUTOGENERATED FILE. DO NOT EDIT THIS FILE DIRECTLY.
  # yarn lockfile v1
  
  
  "@babel/runtime@^7.7.2":
    version "7.8.3"
    resolved "https://registry.yarnpkg.com/@babel/runtime/-/runtime-7.8.3.tgz#0811944f73a6c926bb2ad35e918dcc1bfab279f1"
    integrity sha512-fVHx1rzEmwB130VTkLnxR+HmxcTjGzH12LYQcFFoBwakMd3aOMD4OsRN7tGG/UOYE2ektgFrS8uACAoRk1CY0w==
    dependencies:
      regenerator-runtime "^0.13.2"
  
  "@jimp/bmp@^0.9.3":
    version "0.9.3"
    resolved "https://registry.yarnpkg.com/@jimp/bmp/-/bmp-0.9.3.tgz#98eafc81674ce750f428ac9380007f1a4e90255e"
    integrity sha512-wXZYccgGQAsIK8DZX0wZE3gbSd2mL2+eheSJMts6I5hQjxhVRZd1Gwu425nUQGzfKCOgKYTW0nLv7/8OoOTTkw==
    dependencies:
      "@babel/runtime" "^7.7.2"
      "@jimp/utils" "^0.9.3"
      bmp-js "^0.1.0"
      core-js "^3.4.1"
  
  "@jimp/core@^0.9.3":
    version "0.9.3"
    resolved "https://registry.yarnpkg.com/@jimp/core/-/core-0.9.3.tgz#bffbf955c046569bf4b682b575228e31bb41e445"
    integrity sha512-kB9lvst1QhgYOC963SAuPgv+DdVfxTProphrSffAAoo5eLeQab/Ca3ZUeX1E/SnLSr+NGVnNCd8c9gyuKDiENg==
    dependencies:
      "@babel/runtime" "^7.7.2"
      "@jimp/utils" "^0.9.3"
      any-base "^1.1.0"
      buffer "^5.2.0"
      core-js "^3.4.1"
      exif-parser "^0.1.12"
      file-type "^9.0.0"
      load-bmfont "^1.3.1"
      mkdirp "0.5.1"
      phin "^2.9.1"
      pixelmatch "^4.0.2"
      tinycolor2 "^1.4.1"
  
  "@jimp/custom@^0.9.3":
    version "0.9.3"
    resolved "https://registry.yarnpkg.com/@jimp/custom/-/custom-0.9.3.tgz#b49dfe1d6b24e62fd4101a7db77104024c8d97e8"
    integrity sha512-2E7yabQMeqjcK8+ZFu3Ja5cWyrB0zv/pmzNSDg/BBPJ59HE0fj/qcERAz6VklcjHUYRUfmE5uODsb+4DE0o/YQ==
    dependencies:
      "@babel/runtime" "^7.7.2"
      "@jimp/core" "^0.9.3"
      core-js "^3.4.1"
  
  "@jimp/gif@^0.9.3":
    version "0.9.3"
    resolved "https://registry.yarnpkg.com/@jimp/gif/-/gif-0.9.3.tgz#b2b1a519092f94a913a955f252996f9a968930db"
    integrity sha512-DshKgMQ8lXorI/xTRyeRkZqZ3JqgnL2aGYAhx0SkAunyHgXji27chmrOGj/6KVDBucrDf/6mSexnSoUDnlWrfA==
    dependencies:
      "@babel/runtime" "^7.7.2"
      "@jimp/utils" "^0.9.3"
      core-js "^3.4.1"
      omggif "^1.0.9"
  
  "@jimp/jpeg@^0.9.3":
    version "0.9.3"
    resolved "https://registry.yarnpkg.com/@jimp/jpeg/-/jpeg-0.9.3.tgz#a759cb3bccf3cb163166873b9bdc0c949c5991b5"
    integrity sha512-AJzcTJXfN9BHtpzAbICwR3+GoH0pSr6OYXbAS6yuKwz+xVn9UHrEjQb74CIzIRqrT/VWcIKg29cMQxgokzWY7w==
    dependencies:
      "@babel/runtime" "^7.7.2"
      "@jimp/utils" "^0.9.3"
      core-js "^3.4.1"
      jpeg-js "^0.3.4"
  
  "@jimp/plugin-blit@^0.9.3":
    version "0.9.3"
    resolved "https://registry.yarnpkg.com/@jimp/plugin-blit/-/plugin-blit-0.9.3.tgz#740346ac62ec0f7ae4458f5fd59c7582e630a8e8"
    integrity sha512-+UxCsJ3XkRSdpigpTBJ9WkdwUc3OtBlhVZdU6OL6M9ldume5Gj3rTyWvMCqytOK1tZ/+7HmxoWe4IWX31hz9qA==
    dependencies:
      "@babel/runtime" "^7.7.2"
      "@jimp/utils" "^0.9.3"
      core-js "^3.4.1"
  
  "@jimp/plugin-blur@^0.9.3":
    version "0.9.3"
    resolved "https://registry.yarnpkg.com/@jimp/plugin-blur/-/plugin-blur-0.9.3.tgz#9df505aaa63de138060264cf83ed4a98304bf105"
    integrity sha512-RADcYjZ5vbk5ZrUiK7qv0G4xOpHtu19HWVVX9JTDbm4VByWTxPboVKlgiYLA6l+IxIXNtEqDclsADIM0s9FQhA==
    dependencies:
      "@babel/runtime" "^7.7.2"
      "@jimp/utils" "^0.9.3"
      core-js "^3.4.1"
  
  "@jimp/plugin-color@^0.9.3":
    version "0.9.3"
    resolved "https://registry.yarnpkg.com/@jimp/plugin-color/-/plugin-color-0.9.3.tgz#4a5ad28f68901355878f5330186c260f4f87f944"
    integrity sha512-gHDA5GVx4/R4fitEACKmWH7hNy0aU48MZWYRxmATvuqY39KidJ0fjwp+brQ3Ivgb35AgFVc2jQYc3U/JXv4RxQ==
    dependencies:
      "@babel/runtime" "^7.7.2"
      "@jimp/utils" "^0.9.3"
      core-js "^3.4.1"
      tinycolor2 "^1.4.1"
  
  "@jimp/plugin-contain@^0.9.3":
    version "0.9.3"
    resolved "https://registry.yarnpkg.com/@jimp/plugin-contain/-/plugin-contain-0.9.3.tgz#d0da9892edea25549611c88e125bfcc59045c426"
    integrity sha512-vdYAtp65LNDT/hMctow5o0a/SbD41/y7Z9AO7MGsfUIK92Woq90SNTWx7JplDl4HSZGrqaBONnfiEhRiYlDrdg==
    dependencies:
      "@babel/runtime" "^7.7.2"
      "@jimp/utils" "^0.9.3"
      core-js "^3.4.1"
  
  "@jimp/plugin-cover@^0.9.3":
    version "0.9.3"
    resolved "https://registry.yarnpkg.com/@jimp/plugin-cover/-/plugin-cover-0.9.3.tgz#2fca63620fcf8145bdecf315cf461588b09d9488"
    integrity sha512-yOwsvakgyS2/C4iZF1a1wg63QKfYvqb2d6k+rgY/0vaAe44JtEx+Gbg+7iOt4EaMm5BDlxRwmcA2Q8Pef8TvAQ==
    dependencies:
      "@babel/runtime" "^7.7.2"
      "@jimp/utils" "^0.9.3"
      core-js "^3.4.1"
  
  "@jimp/plugin-crop@^0.9.3":
    version "0.9.3"
    resolved "https://registry.yarnpkg.com/@jimp/plugin-crop/-/plugin-crop-0.9.3.tgz#9b19c11293714a99c03d4b517ab597a5f88823e8"
    integrity sha512-kqMXSyY8hrfo0idr6qY2USOWPrNqpDWs+D6Vwa+kV6SGJhj3rMTIcptQDaamIETSxbjkE8rwUu3K4Q5UD69D7w==
    dependencies:
      "@babel/runtime" "^7.7.2"
      "@jimp/utils" "^0.9.3"
      core-js "^3.4.1"
  
  "@jimp/plugin-displace@^0.9.3":
    version "0.9.3"
    resolved "https://registry.yarnpkg.com/@jimp/plugin-displace/-/plugin-displace-0.9.3.tgz#07645687b29ebc8a8491244410172795d511ba21"
    integrity sha512-0AdwxYRWDmJ2wIRIj2RR3sRmNjMhcy5Kwt9Jbi/RRnzxkRScZAiyzkNZhBul23EM7ClfjrUrZufuUvRMHxZRDw==
    dependencies:
      "@babel/runtime" "^7.7.2"
      "@jimp/utils" "^0.9.3"
      core-js "^3.4.1"
  
  "@jimp/plugin-dither@^0.9.3":
    version "0.9.3"
    resolved "https://registry.yarnpkg.com/@jimp/plugin-dither/-/plugin-dither-0.9.3.tgz#292b3ee617a5dcfe065d13b643055e910f8b6934"
    integrity sha512-8OE+Xak9xepiCwSV+oAsb/gupTnttG3aDKxtpSZjwHebnr+k1VG8NgICbMSFATTVJqqZ18oj6LC+5726qHUJ9w==
    dependencies:
      "@babel/runtime" "^7.7.2"
      "@jimp/utils" "^0.9.3"
      core-js "^3.4.1"
  
  "@jimp/plugin-flip@^0.9.3":
    version "0.9.3"
    resolved "https://registry.yarnpkg.com/@jimp/plugin-flip/-/plugin-flip-0.9.3.tgz#a755ffa1d860106067215987cbac213501d22b41"
    integrity sha512-w+lzE1ZF/UOjB8qJdeIm+dLQtOK1obZwGYdCIbgxZxw4SfkkjAftJdY8o8RNOXhHDZqGu+cYQZbMKP1zcoNkyQ==
    dependencies:
      "@babel/runtime" "^7.7.2"
      "@jimp/utils" "^0.9.3"
      core-js "^3.4.1"
  
  "@jimp/plugin-gaussian@^0.9.3":
    version "0.9.3"
    resolved "https://registry.yarnpkg.com/@jimp/plugin-gaussian/-/plugin-gaussian-0.9.3.tgz#b10b5a5b4c37cb4edc3ed22a9b25294e68daf2f8"
    integrity sha512-RPrWwzlZsbWC2opSgeyWt30JU9Uwg1+GwBnoNpEMLKeqm0Dv6snASASa4zVtviGWAIq//p3Jrap7g57hKqL0Cg==
    dependencies:
      "@babel/runtime" "^7.7.2"
      "@jimp/utils" "^0.9.3"
      core-js "^3.4.1"
  
  "@jimp/plugin-invert@^0.9.3":
    version "0.9.3"
    resolved "https://registry.yarnpkg.com/@jimp/plugin-invert/-/plugin-invert-0.9.3.tgz#723a873133a1d62f9b93e023991f262c85917c78"
    integrity sha512-0lRsh7IPkzyYqExrZDT50h38xdlB/+KrdiDcuxWwWyIlKauLMR0kInjwf8sPeb3elPLeETmze7uwPAxrIAtsGQ==
    dependencies:
      "@babel/runtime" "^7.7.2"
      "@jimp/utils" "^0.9.3"
      core-js "^3.4.1"
  
  "@jimp/plugin-mask@^0.9.3":
    version "0.9.3"
    resolved "https://registry.yarnpkg.com/@jimp/plugin-mask/-/plugin-mask-0.9.3.tgz#6329ec861269244ab10ab9b3f54b1624c4ce0bab"
    integrity sha512-nZ0J62Hly9JtMZctlSDVgnTd8Fg2XGikzAYilSTCjzIRtbXL5Be/qSAZrMfLD3CZ8exTxdlEGRkEJI3RZKXYCw==
    dependencies:
      "@babel/runtime" "^7.7.2"
      "@jimp/utils" "^0.9.3"
      core-js "^3.4.1"
  
  "@jimp/plugin-normalize@^0.9.3":
    version "0.9.3"
    resolved "https://registry.yarnpkg.com/@jimp/plugin-normalize/-/plugin-normalize-0.9.3.tgz#564155032d1b9dc567dbb7427a85606a25427c30"
    integrity sha512-0IvgTt4R15QJnoCHvvqlK56zOtCsQV7Mkx757kdNah8uyPGjadTcFBuqCaOMK943X36IIv+o7Ix7yvNUJZt4aw==
    dependencies:
      "@babel/runtime" "^7.7.2"
      "@jimp/utils" "^0.9.3"
      core-js "^3.4.1"
  
  "@jimp/plugin-print@^0.9.3":
    version "0.9.3"
    resolved "https://registry.yarnpkg.com/@jimp/plugin-print/-/plugin-print-0.9.3.tgz#b4470137312232de9b35eaf412cd753f999c58d8"
    integrity sha512-pV6oX5Bhe9O/dbgrotz46Bv6u1M+/n9G0kRUunDjwzXrvON5raBFEJHQDPcTXiqPT25Gc9Ba4/Akfo/Zl6+wgQ==
    dependencies:
      "@babel/runtime" "^7.7.2"
      "@jimp/utils" "^0.9.3"
      core-js "^3.4.1"
      load-bmfont "^1.4.0"
  
  "@jimp/plugin-resize@^0.9.3":
    version "0.9.3"
    resolved "https://registry.yarnpkg.com/@jimp/plugin-resize/-/plugin-resize-0.9.3.tgz#916abd57c4f9b426984354c77555ade1efda7a82"
    integrity sha512-YzqVE8QoDIZpVuI52v+WejwEjEEiJfNFviQfprfm5af7uSSseZgDw1sJ0koqAu+liMSY+Ewp79v2SDrKoJKqtg==
    dependencies:
      "@babel/runtime" "^7.7.2"
      "@jimp/utils" "^0.9.3"
      core-js "^3.4.1"
  
  "@jimp/plugin-rotate@^0.9.3":
    version "0.9.3"
    resolved "https://registry.yarnpkg.com/@jimp/plugin-rotate/-/plugin-rotate-0.9.3.tgz#aa0d674c08726c0ae3ebc7f2adbfca0a927b1d9f"
    integrity sha512-kADY2pI3/yMyHbuyvKB4nqPoKf8DPQBU1b4zz2K7SxcwKh1krFf4Fa9mmhhDLoFwuNSy0SPb1JCMUO4BtFCFLA==
    dependencies:
      "@babel/runtime" "^7.7.2"
      "@jimp/utils" "^0.9.3"
      core-js "^3.4.1"
  
  "@jimp/plugin-scale@^0.9.3":
    version "0.9.3"
    resolved "https://registry.yarnpkg.com/@jimp/plugin-scale/-/plugin-scale-0.9.3.tgz#427fed7642883c27601aae33c25413980b6a2c50"
    integrity sha512-vZaiL5Qc+WrgGEfUe4Y0vG+qbT6pe2TW68/mu124E1tKVcZjHKZUeFN0Wr/hP2myN6nqTYj0/sord2OS/04JpA==
    dependencies:
      "@babel/runtime" "^7.7.2"
      "@jimp/utils" "^0.9.3"
      core-js "^3.4.1"
  
  "@jimp/plugins@^0.9.3":
    version "0.9.3"
    resolved "https://registry.yarnpkg.com/@jimp/plugins/-/plugins-0.9.3.tgz#bdff9d49484469c4d74ef47c2708e75773ca22b9"
    integrity sha512-KYCSgFGoZBNC0224X5yUnMHCZnCdUVrsu2Yo67o3XZfUgDjO81J+vdzZ0twpPQ6qLLVAP+nQ8hkRV/QzEUstMw==
    dependencies:
      "@babel/runtime" "^7.7.2"
      "@jimp/plugin-blit" "^0.9.3"
      "@jimp/plugin-blur" "^0.9.3"
      "@jimp/plugin-color" "^0.9.3"
      "@jimp/plugin-contain" "^0.9.3"
      "@jimp/plugin-cover" "^0.9.3"
      "@jimp/plugin-crop" "^0.9.3"
      "@jimp/plugin-displace" "^0.9.3"
      "@jimp/plugin-dither" "^0.9.3"
      "@jimp/plugin-flip" "^0.9.3"
      "@jimp/plugin-gaussian" "^0.9.3"
      "@jimp/plugin-invert" "^0.9.3"
      "@jimp/plugin-mask" "^0.9.3"
      "@jimp/plugin-normalize" "^0.9.3"
      "@jimp/plugin-print" "^0.9.3"
      "@jimp/plugin-resize" "^0.9.3"
      "@jimp/plugin-rotate" "^0.9.3"
      "@jimp/plugin-scale" "^0.9.3"
      core-js "^3.4.1"
      timm "^1.6.1"
  
  "@jimp/png@^0.9.3":
    version "0.9.3"
    resolved "https://registry.yarnpkg.com/@jimp/png/-/png-0.9.3.tgz#5c1bbb89b32e2332891a13efdb423e87287a8321"
    integrity sha512-LJXUemDTSbTGAGEp9hNQH0uTRSB8gYeE6FsfT3M00oZincu6/WzDzl0P8E95rMjNxZqAihdTyOP3+kcrbbqX+w==
    dependencies:
      "@babel/runtime" "^7.7.2"
      "@jimp/utils" "^0.9.3"
      core-js "^3.4.1"
      pngjs "^3.3.3"
  
  "@jimp/tiff@^0.9.3":
    version "0.9.3"
    resolved "https://registry.yarnpkg.com/@jimp/tiff/-/tiff-0.9.3.tgz#a4498c0616fb24034f5512b159b75b0aea389e9c"
    integrity sha512-w9H6dT+GDHN//Srsv27JhRn7R2byzUahOGfFw7KpIn95jg0ogcxjKTo/RAGQC56sr4U092e4Npl7E85Lt934WQ==
    dependencies:
      "@babel/runtime" "^7.7.2"
      core-js "^3.4.1"
      utif "^2.0.1"
  
  "@jimp/types@^0.9.3":
    version "0.9.3"
    resolved "https://registry.yarnpkg.com/@jimp/types/-/types-0.9.3.tgz#75337245a1a8c7c84a414beca3cfeded338c0ef1"
    integrity sha512-hUJKoT2IhnbO/trxNWzN19n8g+p7aKbM1R+71n4wMZnD41PzrVtz+sBBCdB+JCjBJs/i7fJt4d9z0i3Xe8m7Zw==
    dependencies:
      "@babel/runtime" "^7.7.2"
      "@jimp/bmp" "^0.9.3"
      "@jimp/gif" "^0.9.3"
      "@jimp/jpeg" "^0.9.3"
      "@jimp/png" "^0.9.3"
      "@jimp/tiff" "^0.9.3"
      core-js "^3.4.1"
      timm "^1.6.1"
  
  "@jimp/utils@^0.9.3":
    version "0.9.3"
    resolved "https://registry.yarnpkg.com/@jimp/utils/-/utils-0.9.3.tgz#fd7af0d1138febbeacc841be4b802218444ce088"
    integrity sha512-9D2Of6BcjYONtl77YfmU2y5aRMLe0/O2e2aQvfCxdNwD33jRdwNdN4i3m73dpiClNquApIjL4nYGhTixA4UstA==
    dependencies:
      "@babel/runtime" "^7.7.2"
      core-js "^3.4.1"
  
  "@types/pako@^1.0.1":
    version "1.0.1"
    resolved "https://registry.yarnpkg.com/@types/pako/-/pako-1.0.1.tgz#33b237f3c9aff44d0f82fe63acffa4a365ef4a61"
    integrity sha512-GdZbRSJ3Cv5fiwT6I0SQ3ckeN2PWNqxd26W9Z2fCK1tGrrasGy4puvNFtnddqH9UJFMQYXxEuuB7B8UK+LLwSg==
  
  "@types/utf8@^2.1.6":
    version "2.1.6"
    resolved "https://registry.yarnpkg.com/@types/utf8/-/utf8-2.1.6.tgz#430cabb71a42d0a3613cce5621324fe4f5a25753"
    integrity sha512-pRs2gYF5yoKYrgSaira0DJqVg2tFuF+Qjp838xS7K+mJyY2jJzjsrl6y17GbIa4uMRogMbxs+ghNCvKg6XyNrA==
  
  any-base@^1.1.0:
    version "1.1.0"
    resolved "https://registry.yarnpkg.com/any-base/-/any-base-1.1.0.tgz#ae101a62bc08a597b4c9ab5b7089d456630549fe"
    integrity sha512-uMgjozySS8adZZYePpaWs8cxB9/kdzmpX6SgJZ+wbz1K5eYk5QMYDVJaZKhxyIHUdnnJkfR7SVgStgH7LkGUyg==
  
  base64-js@^1.0.2:
    version "1.3.1"
    resolved "https://registry.yarnpkg.com/base64-js/-/base64-js-1.3.1.tgz#58ece8cb75dd07e71ed08c736abc5fac4dbf8df1"
    integrity sha512-mLQ4i2QO1ytvGWFWmcngKO//JXAQueZvwEKtjgQFM4jIK0kU+ytMfplL8j+n5mspOfjHwoAg+9yhb7BwAHm36g==
  
  blob-util@^2.0.2:
    version "2.0.2"
    resolved "https://registry.yarnpkg.com/blob-util/-/blob-util-2.0.2.tgz#3b4e3c281111bb7f11128518006cdc60b403a1eb"
    integrity sha512-T7JQa+zsXXEa6/8ZhHcQEW1UFfVM49Ts65uBkFL6fz2QmrElqmbajIDJvuA0tEhRe5eIjpV9ZF+0RfZR9voJFQ==
  
  bmp-js@^0.1.0:
    version "0.1.0"
    resolved "https://registry.yarnpkg.com/bmp-js/-/bmp-js-0.1.0.tgz#e05a63f796a6c1ff25f4771ec7adadc148c07233"
    integrity sha1-4Fpj95amwf8l9Hcex62twUjAcjM=
  
  buffer-equal@0.0.1:
    version "0.0.1"
    resolved "https://registry.yarnpkg.com/buffer-equal/-/buffer-equal-0.0.1.tgz#91bc74b11ea405bc916bc6aa908faafa5b4aac4b"
    integrity sha1-kbx0sR6kBbyRa8aqkI+q+ltKrEs=
  
  buffer@^5.2.0:
    version "5.4.3"
    resolved "https://registry.yarnpkg.com/buffer/-/buffer-5.4.3.tgz#3fbc9c69eb713d323e3fc1a895eee0710c072115"
    integrity sha512-zvj65TkFeIt3i6aj5bIvJDzjjQQGs4o/sNoezg1F1kYap9Nu2jcUdpwzRSJTHMMzG0H7bZkn4rNQpImhuxWX2A==
    dependencies:
      base64-js "^1.0.2"
      ieee754 "^1.1.4"
  
  canny-edge-detector@^1.0.0:
    version "1.0.0"
    resolved "https://registry.yarnpkg.com/canny-edge-detector/-/canny-edge-detector-1.0.0.tgz#41f4cc3e09c0802a5269a05e7bff3dbf09169c97"
    integrity sha512-SpewmkHDE1PbJ1/AVAcpvZKOufYpUXT0euMvhb5C4Q83Q9XEOmSXC+yR7jl3F4Ae1Ev6OtQKbFgdcPrOdHjzQg==
  
  color-functions@^3.0.0:
    version "3.0.1"
    resolved "https://registry.yarnpkg.com/color-functions/-/color-functions-3.0.1.tgz#a207e2d4a0975dccc72fcd37cce12d2d4bf8b674"
    integrity sha512-pPz+aopsINRkVk/MHZqT4mmvuUyTFwF4vhq6fLwOU8zSBU3kP5+vN/z4zZiefdOtB3+PaqBy7lAr9Yv4zbsBcQ==
  
  core-js@^3.4.1:
    version "3.6.4"
    resolved "https://registry.yarnpkg.com/core-js/-/core-js-3.6.4.tgz#440a83536b458114b9cb2ac1580ba377dc470647"
    integrity sha512-4paDGScNgZP2IXXilaffL9X7968RuvwlkK3xWtZRVqgd8SYNiVKRJvkFd1aqqEuPfN7E68ZHEp9hDj6lHj4Hyw==
  
  dom-walk@^0.1.0:
    version "0.1.1"
    resolved "https://registry.yarnpkg.com/dom-walk/-/dom-walk-0.1.1.tgz#672226dc74c8f799ad35307df936aba11acd6018"
    integrity sha1-ZyIm3HTI95mtNTB9+TaroRrNYBg=
  
  exif-parser@^0.1.12:
    version "0.1.12"
    resolved "https://registry.yarnpkg.com/exif-parser/-/exif-parser-0.1.12.tgz#58a9d2d72c02c1f6f02a0ef4a9166272b7760922"
    integrity sha1-WKnS1ywCwfbwKg70qRZicrd2CSI=
  
  fast-bmp@^1.0.0:
    version "1.0.0"
    resolved "https://registry.yarnpkg.com/fast-bmp/-/fast-bmp-1.0.0.tgz#7de95f42c290484090ae2c70ab25440673acca37"
    integrity sha1-felfQsKQSECQrixwqyVEBnOsyjc=
    dependencies:
      iobuffer "^3.1.0"
  
  fast-jpeg@^1.0.1:
    version "1.0.1"
    resolved "https://registry.yarnpkg.com/fast-jpeg/-/fast-jpeg-1.0.1.tgz#bd545ec6cd82430ca5ded4bd30bbd061fafecf8b"
    integrity sha1-vVRexs2CQwyl3tS9MLvQYfr+z4s=
    dependencies:
      iobuffer "^2.1.0"
      tiff "^2.0.0"
  
  fast-list@^1.0.3:
    version "1.0.3"
    resolved "https://registry.yarnpkg.com/fast-list/-/fast-list-1.0.3.tgz#f5d5754a7c1cbf682a15961ef9a063897571eaa1"
    integrity sha1-9dV1Snwcv2gqFZYe+aBjiXVx6qE=
  
  fast-png@^5.0.1:
    version "5.0.1"
    resolved "https://registry.yarnpkg.com/fast-png/-/fast-png-5.0.1.tgz#9550e9de4d2207eb039238c43676940cf08a2df3"
    integrity sha512-nI9wA75/81KkUtbbEzn4FC8XWH6N5168LovXAucQnr/npEZF/CMnCkEz65qdmUbAEdZ4n/VRjYbkXCsm2iSpOw==
    dependencies:
      "@types/pako" "^1.0.1"
      iobuffer "^5.0.2"
      pako "^1.0.10"
  
  fft.js@^4.0.3:
    version "4.0.3"
    resolved "https://registry.yarnpkg.com/fft.js/-/fft.js-4.0.3.tgz#b0084efa94188febdd1cffe68691f4c85a0fb8cb"
    integrity sha1-sAhO+pQYj+vdHP/mhpH0yFoPuMs=
  
  file-type@^10.10.0:
    version "10.11.0"
    resolved "https://registry.yarnpkg.com/file-type/-/file-type-10.11.0.tgz#2961d09e4675b9fb9a3ee6b69e9cd23f43fd1890"
    integrity sha512-uzk64HRpUZyTGZtVuvrjP0FYxzQrBf4rojot6J65YMEbwBLB0CWm0CLojVpwpmFmxcE/lkvYICgfcGozbBq6rw==
  
  file-type@^9.0.0:
    version "9.0.0"
    resolved "https://registry.yarnpkg.com/file-type/-/file-type-9.0.0.tgz#a68d5ad07f486414dfb2c8866f73161946714a18"
    integrity sha512-Qe/5NJrgIOlwijpq3B7BEpzPFcgzggOTagZmkXQY4LA6bsXKTUstK7Wp12lEJ/mLKTpvIZxmIuRcLYWT6ov9lw==
  
  global@~4.3.0:
    version "4.3.2"
    resolved "https://registry.yarnpkg.com/global/-/global-4.3.2.tgz#e76989268a6c74c38908b1305b10fc0e394e9d0f"
    integrity sha1-52mJJopsdMOJCLEwWxD8DjlOnQ8=
    dependencies:
      min-document "^2.19.0"
      process "~0.5.1"
  
  has-own@^1.0.0:
    version "1.0.1"
    resolved "https://registry.yarnpkg.com/has-own/-/has-own-1.0.1.tgz#7cc78a63e5ffde330fa8d0a6ddaca4a70c495579"
    integrity sha512-RDKhzgQTQfMaLvIFhjahU+2gGnRBK6dYOd5Gd9BzkmnBneOCRYjRC003RIMrdAbH52+l+CnMS4bBCXGer8tEhg==
  
  ieee754@^1.1.4:
    version "1.1.13"
    resolved "https://registry.yarnpkg.com/ieee754/-/ieee754-1.1.13.tgz#ec168558e95aa181fd87d37f55c32bbcb6708b84"
    integrity sha512-4vf7I2LYV/HaWerSo3XmlMkp5eZ83i+/CDluXi/IGTs/O1sejBNhTtnxzmRZfvOUqj7lZjqHkeTvpgSFDlWZTg==
  
  image-js@^0.21.8:
    version "0.21.8"
    resolved "https://registry.yarnpkg.com/image-js/-/image-js-0.21.8.tgz#3c2fd266e1a5b46860f05cce1453a8d5ab2b6be5"
    integrity sha512-O5tMgFWwr+fH9MYDETLY1GYH23UkFl+ACbxqHa/n/knZWNOiVQZD5BG4BB6imt9pTq+6THSv/fldanWTURj0CQ==
    dependencies:
      blob-util "^2.0.2"
      canny-edge-detector "^1.0.0"
      color-functions "^3.0.0"
      fast-bmp "^1.0.0"
      fast-jpeg "^1.0.1"
      fast-list "^1.0.3"
      fast-png "^5.0.1"
      has-own "^1.0.0"
      image-type "^4.0.0"
      is-array-type "^1.0.0"
      is-integer "^1.0.7"
      jpeg-js "^0.3.4"
      js-priority-queue "^0.1.5"
      ml-convolution "^0.2.0"
      ml-disjoint-set "^1.0.0"
      ml-matrix "^5.2.1"
      ml-matrix-convolution "0.4.3"
      ml-regression "^4.4.2"
      monotone-chain-convex-hull "^1.0.0"
      new-array "^1.0.0"
      num-sort "^1.0.0"
      robust-point-in-polygon "^1.0.3"
      tiff "^3.0.1"
      web-worker-manager "^0.2.0"
  
  image-type@^4.0.0:
    version "4.1.0"
    resolved "https://registry.yarnpkg.com/image-type/-/image-type-4.1.0.tgz#72a88d64ff5021371ed67b9a466442100be57cd1"
    integrity sha512-CFJMJ8QK8lJvRlTCEgarL4ro6hfDQKif2HjSvYCdQZESaIPV4v9imrf7BQHK+sQeTeNeMpWciR9hyC/g8ybXEg==
    dependencies:
      file-type "^10.10.0"
  
  iobuffer@^2.1.0:
    version "2.1.0"
    resolved "https://registry.yarnpkg.com/iobuffer/-/iobuffer-2.1.0.tgz#074882d24020a85db6a5042a0418ef9b6b2e616a"
    integrity sha1-B0iC0kAgqF22pQQqBBjvm2suYWo=
  
  iobuffer@^3.1.0:
    version "3.2.0"
    resolved "https://registry.yarnpkg.com/iobuffer/-/iobuffer-3.2.0.tgz#9234f4d2cb1042818704f07d1f5c833f41327e26"
    integrity sha1-kjT00ssQQoGHBPB9H1yDP0EyfiY=
    dependencies:
      utf8 "^2.1.2"
  
  iobuffer@^4.0.0:
    version "4.0.1"
    resolved "https://registry.yarnpkg.com/iobuffer/-/iobuffer-4.0.1.tgz#28ddfbfda2958aa00c6be9fa08ace07dd6d5d775"
    integrity sha512-lNwccuTGOfghw+xYNgnKRQPx1PMtL7EaNHbZGCvjlIMdS7LdmwurEZ7tmzWEk9quGahZMOzsDcM/TKsLZjpEew==
    dependencies:
      "@types/utf8" "^2.1.6"
      utf8 "^3.0.0"
  
  iobuffer@^5.0.2:
    version "5.0.2"
    resolved "https://registry.yarnpkg.com/iobuffer/-/iobuffer-5.0.2.tgz#90f6ead2afd24cc9d2f2befbbb2a501552d70d4f"
    integrity sha512-FwwzAUZkapfHq76amLGSaEigB2nRSZR+ADc+zRcIRm2MsofDJAiIEPGbw+is/lI+kW32fM5jezmJ8dVQnd1UbA==
  
  is-any-array@^0.0.3:
    version "0.0.3"
    resolved "https://registry.yarnpkg.com/is-any-array/-/is-any-array-0.0.3.tgz#cbdd8c7189d47b53b050969245f4ef7e55550b9b"
    integrity sha512-Lr5SRykZv6uuYMZURz7+YpigT1ziTBHOTgFJ1zK7gL+9Wbet5Ha1ws6S84Jo/lH4zep02b95sk6o4+MTk97mPQ==
  
  is-array-type@^1.0.0:
    version "1.0.0"
    resolved "https://registry.yarnpkg.com/is-array-type/-/is-array-type-1.0.0.tgz#0bd8a263430319c8fa32fa7af260140f4762b506"
    integrity sha1-C9iiY0MDGcj6Mvp68mAUD0ditQY=
  
  is-finite@^1.0.0:
    version "1.0.2"
    resolved "https://registry.yarnpkg.com/is-finite/-/is-finite-1.0.2.tgz#cc6677695602be550ef11e8b4aa6305342b6d0aa"
    integrity sha1-zGZ3aVYCvlUO8R6LSqYwU0K20Ko=
    dependencies:
      number-is-nan "^1.0.0"
  
  is-function@^1.0.1:
    version "1.0.1"
    resolved "https://registry.yarnpkg.com/is-function/-/is-function-1.0.1.tgz#12cfb98b65b57dd3d193a3121f5f6e2f437602b5"
    integrity sha1-Es+5i2W1fdPRk6MSH19uL0N2ArU=
  
  is-integer@^1.0.6, is-integer@^1.0.7:
    version "1.0.7"
    resolved "https://registry.yarnpkg.com/is-integer/-/is-integer-1.0.7.tgz#6bde81aacddf78b659b6629d629cadc51a886d5c"
    integrity sha1-a96Bqs3feLZZtmKdYpytxRqIbVw=
    dependencies:
      is-finite "^1.0.0"
  
  jimp@^0.9.3:
    version "0.9.3"
    resolved "https://registry.yarnpkg.com/jimp/-/jimp-0.9.3.tgz#85e8e80eea65a7e6de806c6bb622ec6a7244e6f3"
    integrity sha512-dIxvT1OMRkd3+B18XUhJ5WZ2Dw7Hp8mvjaTqfi945zZ7fga6LT22h3NLYDorHHAiy9z30KjfNnOgpBoxrdjDZg==
    dependencies:
      "@babel/runtime" "^7.7.2"
      "@jimp/custom" "^0.9.3"
      "@jimp/plugins" "^0.9.3"
      "@jimp/types" "^0.9.3"
      core-js "^3.4.1"
      regenerator-runtime "^0.13.3"
  
  jpeg-js@^0.3.4:
    version "0.3.6"
    resolved "https://registry.yarnpkg.com/jpeg-js/-/jpeg-js-0.3.6.tgz#c40382aac9506e7d1f2d856eb02f6c7b2a98b37c"
    integrity sha512-MUj2XlMB8kpe+8DJUGH/3UJm4XpI8XEgZQ+CiHDeyrGoKPdW/8FJv6ku+3UiYm5Fz3CWaL+iXmD8Q4Ap6aC1Jw==
  
  js-priority-queue@^0.1.5:
    version "0.1.5"
    resolved "https://registry.yarnpkg.com/js-priority-queue/-/js-priority-queue-0.1.5.tgz#f71e9b2120c91e8a1ddab3b7d347dac01d81e837"
    integrity sha1-9x6bISDJHood2rO300fawB2B6Dc=
  
  load-bmfont@^1.3.1, load-bmfont@^1.4.0:
    version "1.4.0"
    resolved "https://registry.yarnpkg.com/load-bmfont/-/load-bmfont-1.4.0.tgz#75f17070b14a8c785fe7f5bee2e6fd4f98093b6b"
    integrity sha512-kT63aTAlNhZARowaNYcY29Fn/QYkc52M3l6V1ifRcPewg2lvUZDAj7R6dXjOL9D0sict76op3T5+odumDSF81g==
    dependencies:
      buffer-equal "0.0.1"
      mime "^1.3.4"
      parse-bmfont-ascii "^1.0.3"
      parse-bmfont-binary "^1.0.5"
      parse-bmfont-xml "^1.1.4"
      phin "^2.9.1"
      xhr "^2.0.1"
      xtend "^4.0.0"
  
  mime@^1.3.4:
    version "1.6.0"
    resolved "https://registry.yarnpkg.com/mime/-/mime-1.6.0.tgz#32cd9e5c64553bd58d19a568af452acff04981b1"
    integrity sha512-x0Vn8spI+wuJ1O6S7gnbaQg8Pxh4NNHb7KSINmEWKiPE4RKOplvijn+NkmYmmRgP68mc70j2EbeTFRsrswaQeg==
  
  min-document@^2.19.0:
    version "2.19.0"
    resolved "https://registry.yarnpkg.com/min-document/-/min-document-2.19.0.tgz#7bd282e3f5842ed295bb748cdd9f1ffa2c824685"
    integrity sha1-e9KC4/WELtKVu3SM3Z8f+iyCRoU=
    dependencies:
      dom-walk "^0.1.0"
  
  minimist@0.0.8:
    version "0.0.8"
    resolved "https://registry.yarnpkg.com/minimist/-/minimist-0.0.8.tgz#857fcabfc3397d2625b8228262e86aa7a011b05d"
    integrity sha1-hX/Kv8M5fSYluCKCYuhqp6ARsF0=
  
  mkdirp@0.5.1:
    version "0.5.1"
    resolved "https://registry.yarnpkg.com/mkdirp/-/mkdirp-0.5.1.tgz#30057438eac6cf7f8c4767f38648d6697d75c903"
    integrity sha1-MAV0OOrGz3+MR2fzhkjWaX11yQM=
    dependencies:
      minimist "0.0.8"
  
  ml-array-max@^1.1.1, ml-array-max@^1.1.2:
    version "1.1.2"
    resolved "https://registry.yarnpkg.com/ml-array-max/-/ml-array-max-1.1.2.tgz#ac14a4954ebdb9f401774cc1572fce439e12f94d"
    integrity sha512-it2hYUSuYEwIRO6hjTWfe6gbGutF4Tuct7jxt3LiLE4wKFs6ku5FLNIRKtOL2jyH+Jdwt1ddbqKMX8inBM8RxA==
    dependencies:
      is-any-array "^0.0.3"
  
  ml-array-min@^1.1.2:
    version "1.1.2"
    resolved "https://registry.yarnpkg.com/ml-array-min/-/ml-array-min-1.1.2.tgz#a084370fe78998a4131d566d066ee01bccce253a"
    integrity sha512-92QzvsyK7TxGz618pno6bu0LXYcRKssbimP85qRllk2xX5Z4gnVxlOmrMjSerUut9zzbt1eQB4byXNCwT0vgwA==
    dependencies:
      is-any-array "^0.0.3"
  
  ml-array-rescale@^1.2.1:
    version "1.2.2"
    resolved "https://registry.yarnpkg.com/ml-array-rescale/-/ml-array-rescale-1.2.2.tgz#288aefd3bef104be6bee72b18db90969d10262b6"
    integrity sha512-Ijo4LegOUIQjv231y8g2/n9vyKA/CczJz3pR+zZ0TeZrqEVRs1uW4AjpbkN/01QplTI46ranMJa51L0g3VbQEg==
    dependencies:
      is-any-array "^0.0.3"
      ml-array-max "^1.1.2"
      ml-array-min "^1.1.2"
  
  ml-convolution@^0.2.0:
    version "0.2.0"
    resolved "https://registry.yarnpkg.com/ml-convolution/-/ml-convolution-0.2.0.tgz#374659a6f75c98324ef7d61766c1e6209caff594"
    integrity sha1-N0ZZpvdcmDJO99YXZsHmIJyv9ZQ=
    dependencies:
      fft.js "^4.0.3"
      next-power-of-two "^1.0.0"
  
  ml-disjoint-set@^1.0.0:
    version "1.0.0"
    resolved "https://registry.yarnpkg.com/ml-disjoint-set/-/ml-disjoint-set-1.0.0.tgz#6cd8e583eef5a02585348b98d0df21fd83ef6082"
    integrity sha1-bNjlg+71oCWFNIuY0N8h/YPvYII=
  
  ml-distance-euclidean@^1.0.0:
    version "1.0.0"
    resolved "https://registry.yarnpkg.com/ml-distance-euclidean/-/ml-distance-euclidean-1.0.0.tgz#08447c2233641a2b2a9b4c29e5f792d28f1d5b95"
    integrity sha1-CER8IjNkGisqm0wp5feS0o8dW5U=
  
  ml-distance-euclidean@^2.0.0:
    version "2.0.0"
    resolved "https://registry.yarnpkg.com/ml-distance-euclidean/-/ml-distance-euclidean-2.0.0.tgz#3a668d236649d1b8fec96380b9435c6f42c9a817"
    integrity sha512-yC9/2o8QF0A3m/0IXqCTXCzz2pNEzvmcE/9HFKOZGnTjatvBbsn4lWYJkxENkA4Ug2fnYl7PXQxnPi21sgMy/Q==
  
  ml-fft@1.3.5:
    version "1.3.5"
    resolved "https://registry.yarnpkg.com/ml-fft/-/ml-fft-1.3.5.tgz#effc1f3c5d0b803a0b39738feb3dacd27c145010"
    integrity sha1-7/wfPF0LgDoLOXOP6z2s0nwUUBA=
  
  ml-kernel-gaussian@^2.0.1:
    version "2.0.2"
    resolved "https://registry.yarnpkg.com/ml-kernel-gaussian/-/ml-kernel-gaussian-2.0.2.tgz#2d1a1130d3205e551e7d1dbe642b8f150076e6c0"
    integrity sha512-5MBrH2g9MBO53I6mcyXvMhyOLsmO2w21+26A1ZV/vYoxqpsov2PWkT8bhdFCEe0kgDupmAb6u81iOID/rhnarA==
    dependencies:
      ml-distance-euclidean "^2.0.0"
  
  ml-kernel-polynomial@^2.0.0:
    version "2.0.1"
    resolved "https://registry.yarnpkg.com/ml-kernel-polynomial/-/ml-kernel-polynomial-2.0.1.tgz#ae99e26892f5763185e2334bad862adc5733c599"
    integrity sha512-aGDNRPHDiKeJmBxB0L9wTxKNLfp5JytbdRIo5K+FTcmFjkWDe3YZPo6R6wBB5mxaJ5eqTRawzeV4RoIWHbakyQ==
  
  ml-kernel-sigmoid@^1.0.0:
    version "1.0.1"
    resolved "https://registry.yarnpkg.com/ml-kernel-sigmoid/-/ml-kernel-sigmoid-1.0.1.tgz#3eb4419a97d68d299dd6faffa8dca0fb91dd3300"
    integrity sha512-mSbYOSbNQ7GsUAGrHuUHNsLgM3bZGpXkotw/FBdKZD9YMXfVOgQb1LvvvVeSlOR/ZdmX23qqaV0RnKSYWBF8og==
  
  ml-kernel@^2.0.0:
    version "2.3.4"
    resolved "https://registry.yarnpkg.com/ml-kernel/-/ml-kernel-2.3.4.tgz#7f6cdd5a3a9b1b6ee3c34bfd15c181664a0661dd"
    integrity sha512-XH841rI/FANQD1JbhJuSy2XpXmstDjTRoYqJTQRq3V+sZmphvOKIJx1bWTr2vCxduDcWV/M77AYPZRivqt5QTA==
    dependencies:
      ml-distance-euclidean "^1.0.0"
      ml-kernel-gaussian "^2.0.1"
      ml-kernel-polynomial "^2.0.0"
      ml-kernel-sigmoid "^1.0.0"
      ml-matrix "^5.0.0"
  
  ml-matrix-convolution@0.4.3:
    version "0.4.3"
    resolved "https://registry.yarnpkg.com/ml-matrix-convolution/-/ml-matrix-convolution-0.4.3.tgz#cbc75346b8996caf24a9b431bbad47f9ad2a4c11"
    integrity sha1-y8dTRriZbK8kqbQxu61H+a0qTBE=
    dependencies:
      ml-fft "1.3.5"
      ml-stat "^1.2.0"
  
  ml-matrix@^5.0.0, ml-matrix@^5.0.1, ml-matrix@^5.2.1:
    version "5.3.0"
    resolved "https://registry.yarnpkg.com/ml-matrix/-/ml-matrix-5.3.0.tgz#2154902a3380f6a0874ab9a2539a09e873e8db92"
    integrity sha512-DuvdXYwfGRpM+7MVdvi/zSjiazn+8QPrACT3Xi0pQpYx5SXZ1WuFYwUDXTSmV9+hrCxRhrC4hrzesNcfjpvOsw==
    dependencies:
      ml-array-max "^1.1.1"
      ml-array-rescale "^1.2.1"
  
  ml-regression-base@^1.0.0, ml-regression-base@^1.1.1, ml-regression-base@^1.2.0:
    version "1.2.1"
    resolved "https://registry.yarnpkg.com/ml-regression-base/-/ml-regression-base-1.2.1.tgz#ce4de3ddb635af2536e8f5bfaa1910ae1f5552ec"
    integrity sha512-G1gKXkGqT5fvv1oirmF1PjdRAS4qmAH+eTBCL8flAiJ2SI6Lxnh5U18pVJuujKjhOykCvF0Oi47FpWD5CPsLxw==
  
  ml-regression-exponential@^1.0.0:
    version "1.0.1"
    resolved "https://registry.yarnpkg.com/ml-regression-exponential/-/ml-regression-exponential-1.0.1.tgz#f5eedba31a3e0bcfbbb92c26c590f9d02970e7d0"
    integrity sha1-9e7boxo+C8+7uSwmxZD50Clw59A=
    dependencies:
      ml-regression-base "^1.1.1"
      ml-regression-simple-linear "^1.0.1"
  
  ml-regression-multivariate-linear@^1.0.0:
    version "1.2.0"
    resolved "https://registry.yarnpkg.com/ml-regression-multivariate-linear/-/ml-regression-multivariate-linear-1.2.0.tgz#cfb33ffacd7e153d33b7481ef9f5d094d954689e"
    integrity sha512-PUEjcEf05xQbJN9wnMUDFyUXJDZu+Kj6hdw2zzu0S2A9iK9k9AoM30YEUgvD01D12xeanMplWN+xcxgzWPb2/Q==
    dependencies:
      ml-matrix "^5.0.1"
      ml-regression-base "^1.2.0"
  
  ml-regression-polynomial@^1.0.0:
    version "1.0.3"
    resolved "https://registry.yarnpkg.com/ml-regression-polynomial/-/ml-regression-polynomial-1.0.3.tgz#bd77838c8b673ddcc6ad6e53959a9a97789b80c5"
    integrity sha512-GXfzXG+PRzpVfVmJiHRc8ggme2ISJlzkaN79Fxl8fI9aQSMoL7qNc3vlp9YwTmzPARhOoFY11JYLuvZCvMIfcg==
    dependencies:
      ml-matrix "^5.0.0"
      ml-regression-base "^1.1.1"
  
  ml-regression-power@^1.0.0:
    version "1.0.1"
    resolved "https://registry.yarnpkg.com/ml-regression-power/-/ml-regression-power-1.0.1.tgz#5b877934e921b51c1203d2760ee5abe82e6a454b"
    integrity sha512-xClgCv89kmzfdwVdTrda/3QNPgCWAcH21dNT1sD8TW9Lk8jMkh5vcMrufoG4WpbaYEslHh03LeTB70u8T7Cu4Q==
    dependencies:
      ml-regression-base "^1.2.0"
      ml-regression-simple-linear "^1.0.2"
  
  ml-regression-robust-polynomial@^1.0.0:
    version "1.0.1"
    resolved "https://registry.yarnpkg.com/ml-regression-robust-polynomial/-/ml-regression-robust-polynomial-1.0.1.tgz#870793f61bde021d002e439ebb4064428ed9d888"
    integrity sha512-Vgl8ZMdH18pWuX82AWrVjamNVKcm9kAAqbUdjNLjlTqqQFFzEO/f6P/VJdb2jIkRtYwv64w6HNB1BGpow+sElA==
    dependencies:
      ml-matrix "^5.0.0"
      ml-regression-base "^1.2.0"
  
  ml-regression-simple-linear@^1.0.0, ml-regression-simple-linear@^1.0.1, ml-regression-simple-linear@^1.0.2:
    version "1.0.2"
    resolved "https://registry.yarnpkg.com/ml-regression-simple-linear/-/ml-regression-simple-linear-1.0.2.tgz#d99fe95be9178c3bf045cc58490b1e62851336af"
    integrity sha1-2Z/pW+kXjDvwRcxYSQseYoUTNq8=
    dependencies:
      ml-regression-base "^1.0.0"
  
  ml-regression-theil-sen@^1.0.0:
    version "1.0.0"
    resolved "https://registry.yarnpkg.com/ml-regression-theil-sen/-/ml-regression-theil-sen-1.0.0.tgz#fb33c67ca88cd182c9eee999cecccd7aad5c2bc8"
    integrity sha512-h0+IAUqCyR6zEK0pQEoSK/AYYqpRqZVd0HqQ8uFJLXKN/X9vNcYjoImL3JxaB71M7DfUuKI+okeE6b2zVHTJSw==
    dependencies:
      ml-regression-base "^1.2.0"
      ml-stat "^1.3.3"
  
  ml-regression@^4.4.2:
    version "4.4.2"
    resolved "https://registry.yarnpkg.com/ml-regression/-/ml-regression-4.4.2.tgz#d19b376bcc990968cda0d9c3e59f04fd12b91a5f"
    integrity sha512-pdADkuG0juGAl68QGjqEpr+OiB9AWEJn1/FjD+qVaWJ06FXACpZZkg0XhHXB5pRsSwygA2cEIZHKJ4Ct2dPmMw==
    dependencies:
      is-integer "^1.0.6"
      ml-kernel "^2.0.0"
      ml-matrix "^5.0.0"
      ml-regression-base "^1.2.0"
      ml-regression-exponential "^1.0.0"
      ml-regression-multivariate-linear "^1.0.0"
      ml-regression-polynomial "^1.0.0"
      ml-regression-power "^1.0.0"
      ml-regression-robust-polynomial "^1.0.0"
      ml-regression-simple-linear "^1.0.0"
      ml-regression-theil-sen "^1.0.0"
      ml-stat "^1.3.3"
  
  ml-stat@^1.2.0, ml-stat@^1.3.3:
    version "1.3.3"
    resolved "https://registry.yarnpkg.com/ml-stat/-/ml-stat-1.3.3.tgz#8a5493b0f67382fbf705c260e070436655a7dcfa"
    integrity sha1-ilSTsPZzgvv3BcJg4HBDZlWn3Po=
  
  monotone-chain-convex-hull@^1.0.0:
    version "1.0.0"
    resolved "https://registry.yarnpkg.com/monotone-chain-convex-hull/-/monotone-chain-convex-hull-1.0.0.tgz#e5e3a39f305d6bc6fe71062fc7072bc56c3a55e0"
    integrity sha1-5eOjnzBda8b+cQYvxwcrxWw6VeA=
  
  new-array@^1.0.0:
    version "1.0.0"
    resolved "https://registry.yarnpkg.com/new-array/-/new-array-1.0.0.tgz#5dbc639d961eac7f1a9fbc1a7146ec12f2924fbf"
    integrity sha1-XbxjnZYerH8an7wacUbsEvKST78=
  
  next-power-of-two@^1.0.0:
    version "1.0.0"
    resolved "https://registry.yarnpkg.com/next-power-of-two/-/next-power-of-two-1.0.0.tgz#cbc1f2f62b586fc501bd3ab2fb9962ac4e4e9359"
    integrity sha1-y8Hy9itYb8UBvTqy+5lirE5Ok1k=
  
  num-sort@^1.0.0:
    version "1.0.0"
    resolved "https://registry.yarnpkg.com/num-sort/-/num-sort-1.0.0.tgz#cabec1fd5f4da4aca995af90b7a0f379944e1dbd"
    integrity sha1-yr7B/V9NpKypla+Qt6DzeZROHb0=
    dependencies:
      number-is-nan "^1.0.0"
  
  number-is-nan@^1.0.0:
    version "1.0.1"
    resolved "https://registry.yarnpkg.com/number-is-nan/-/number-is-nan-1.0.1.tgz#097b602b53422a522c1afb8790318336941a011d"
    integrity sha1-CXtgK1NCKlIsGvuHkDGDNpQaAR0=
  
  omggif@^1.0.9:
    version "1.0.10"
    resolved "https://registry.yarnpkg.com/omggif/-/omggif-1.0.10.tgz#ddaaf90d4a42f532e9e7cb3a95ecdd47f17c7b19"
    integrity sha512-LMJTtvgc/nugXj0Vcrrs68Mn2D1r0zf630VNtqtpI1FEO7e+O9FP4gqs9AcnBaSEeoHIPm28u6qgPR0oyEpGSw==
  
  pako@^1.0.10, pako@^1.0.5:
    version "1.0.10"
    resolved "https://registry.yarnpkg.com/pako/-/pako-1.0.10.tgz#4328badb5086a426aa90f541977d4955da5c9732"
    integrity sha512-0DTvPVU3ed8+HNXOu5Bs+o//Mbdj9VNQMUOe9oKCwh8l0GNwpTDMKCWbRjgtD291AWnkAgkqA/LOnQS8AmS1tw==
  
  parse-bmfont-ascii@^1.0.3:
    version "1.0.6"
    resolved "https://registry.yarnpkg.com/parse-bmfont-ascii/-/parse-bmfont-ascii-1.0.6.tgz#11ac3c3ff58f7c2020ab22769079108d4dfa0285"
    integrity sha1-Eaw8P/WPfCAgqyJ2kHkQjU36AoU=
  
  parse-bmfont-binary@^1.0.5:
    version "1.0.6"
    resolved "https://registry.yarnpkg.com/parse-bmfont-binary/-/parse-bmfont-binary-1.0.6.tgz#d038b476d3e9dd9db1e11a0b0e53a22792b69006"
    integrity sha1-0Di0dtPp3Z2x4RoLDlOiJ5K2kAY=
  
  parse-bmfont-xml@^1.1.4:
    version "1.1.4"
    resolved "https://registry.yarnpkg.com/parse-bmfont-xml/-/parse-bmfont-xml-1.1.4.tgz#015319797e3e12f9e739c4d513872cd2fa35f389"
    integrity sha512-bjnliEOmGv3y1aMEfREMBJ9tfL3WR0i0CKPj61DnSLaoxWR3nLrsQrEbCId/8rF4NyRF0cCqisSVXyQYWM+mCQ==
    dependencies:
      xml-parse-from-string "^1.0.0"
      xml2js "^0.4.5"
  
  parse-headers@^2.0.0:
    version "2.0.3"
    resolved "https://registry.yarnpkg.com/parse-headers/-/parse-headers-2.0.3.tgz#5e8e7512383d140ba02f0c7aa9f49b4399c92515"
    integrity sha512-QhhZ+DCCit2Coi2vmAKbq5RGTRcQUOE2+REgv8vdyu7MnYx2eZztegqtTx99TZ86GTIwqiy3+4nQTWZ2tgmdCA==
  
  phin@^2.9.1:
    version "2.9.3"
    resolved "https://registry.yarnpkg.com/phin/-/phin-2.9.3.tgz#f9b6ac10a035636fb65dfc576aaaa17b8743125c"
    integrity sha512-CzFr90qM24ju5f88quFC/6qohjC144rehe5n6DH900lgXmUe86+xCKc10ev56gRKC4/BkHUoG4uSiQgBiIXwDA==
  
  pixelmatch@^4.0.2:
    version "4.0.2"
    resolved "https://registry.yarnpkg.com/pixelmatch/-/pixelmatch-4.0.2.tgz#8f47dcec5011b477b67db03c243bc1f3085e8854"
    integrity sha1-j0fc7FARtHe2fbA8JDvB8wheiFQ=
    dependencies:
      pngjs "^3.0.0"
  
  pngjs@^3.0.0, pngjs@^3.3.3:
    version "3.4.0"
    resolved "https://registry.yarnpkg.com/pngjs/-/pngjs-3.4.0.tgz#99ca7d725965fb655814eaf65f38f12bbdbf555f"
    integrity sha512-NCrCHhWmnQklfH4MtJMRjZ2a8c80qXeMlQMv2uVp9ISJMTt562SbGd6n2oq0PaPgKm7Z6pL9E2UlLIhC+SHL3w==
  
  process@~0.5.1:
    version "0.5.2"
    resolved "https://registry.yarnpkg.com/process/-/process-0.5.2.tgz#1638d8a8e34c2f440a91db95ab9aeb677fc185cf"
    integrity sha1-FjjYqONML0QKkduVq5rrZ3/Bhc8=
  
  regenerator-runtime@^0.13.2, regenerator-runtime@^0.13.3:
    version "0.13.3"
    resolved "https://registry.yarnpkg.com/regenerator-runtime/-/regenerator-runtime-0.13.3.tgz#7cf6a77d8f5c6f60eb73c5fc1955b2ceb01e6bf5"
    integrity sha512-naKIZz2GQ8JWh///G7L3X6LaQUAMp2lvb1rvwwsURe/VXwD6VMfr+/1NuNw3ag8v2kY1aQ/go5SNn79O9JU7yw==
  
  robust-orientation@^1.0.2:
    version "1.1.3"
    resolved "https://registry.yarnpkg.com/robust-orientation/-/robust-orientation-1.1.3.tgz#daff5b00d3be4e60722f0e9c0156ef967f1c2049"
    integrity sha1-2v9bANO+TmByLw6cAVbvln8cIEk=
    dependencies:
      robust-scale "^1.0.2"
      robust-subtract "^1.0.0"
      robust-sum "^1.0.0"
      two-product "^1.0.2"
  
  robust-point-in-polygon@^1.0.3:
    version "1.0.3"
    resolved "https://registry.yarnpkg.com/robust-point-in-polygon/-/robust-point-in-polygon-1.0.3.tgz#ea68f025a44dfe6aede80f0863788705cf547ec4"
    integrity sha1-6mjwJaRN/mrt6A8IY3iHBc9UfsQ=
    dependencies:
      robust-orientation "^1.0.2"
  
  robust-scale@^1.0.2:
    version "1.0.2"
    resolved "https://registry.yarnpkg.com/robust-scale/-/robust-scale-1.0.2.tgz#775132ed09542d028e58b2cc79c06290bcf78c32"
    integrity sha1-d1Ey7QlULQKOWLLMecBikLz3jDI=
    dependencies:
      two-product "^1.0.2"
      two-sum "^1.0.0"
  
  robust-subtract@^1.0.0:
    version "1.0.0"
    resolved "https://registry.yarnpkg.com/robust-subtract/-/robust-subtract-1.0.0.tgz#e0b164e1ed8ba4e3a5dda45a12038348dbed3e9a"
    integrity sha1-4LFk4e2LpOOl3aRaEgODSNvtPpo=
  
  robust-sum@^1.0.0:
    version "1.0.0"
    resolved "https://registry.yarnpkg.com/robust-sum/-/robust-sum-1.0.0.tgz#16646e525292b4d25d82757a286955e0bbfa53d9"
    integrity sha1-FmRuUlKStNJdgnV6KGlV4Lv6U9k=
  
  sax@>=0.6.0:
    version "1.2.4"
    resolved "https://registry.yarnpkg.com/sax/-/sax-1.2.4.tgz#2816234e2378bddc4e5354fab5caa895df7100d9"
    integrity sha512-NqVDv9TpANUjFm0N8uM5GxL36UgKi9/atZw+x7YFnQ8ckwFGKrl4xX4yWtrey3UJm5nP1kUbnYgLopqWNSRhWw==
  
  tiff@^2.0.0:
    version "2.1.0"
    resolved "https://registry.yarnpkg.com/tiff/-/tiff-2.1.0.tgz#b3f41c519bd66835267f14cb31a04acb1f7860ca"
    integrity sha1-s/QcUZvWaDUmfxTLMaBKyx94YMo=
    dependencies:
      iobuffer "^2.1.0"
  
  tiff@^3.0.1:
    version "3.0.1"
    resolved "https://registry.yarnpkg.com/tiff/-/tiff-3.0.1.tgz#8566d793ea4677072c48893eba2bfd0f373e47da"
    integrity sha512-SlPOJnQ3qifVIyoXqFMvqyOgvuFlyS6JVScrlkfhLeNVx6c8Jr9m4/FsHuYSezHxPzIG1EW0gIfFb0qYv8HQcw==
    dependencies:
      iobuffer "^4.0.0"
  
  timm@^1.6.1:
    version "1.6.2"
    resolved "https://registry.yarnpkg.com/timm/-/timm-1.6.2.tgz#dfd8c6719f7ba1fcfc6295a32670a1c6d166c0bd"
    integrity sha512-IH3DYDL1wMUwmIlVmMrmesw5lZD6N+ZOAFWEyLrtpoL9Bcrs9u7M/vyOnHzDD2SMs4irLkVjqxZbHrXStS/Nmw==
  
  tinycolor2@^1.4.1:
    version "1.4.1"
    resolved "https://registry.yarnpkg.com/tinycolor2/-/tinycolor2-1.4.1.tgz#f4fad333447bc0b07d4dc8e9209d8f39a8ac77e8"
    integrity sha1-9PrTM0R7wLB9TcjpIJ2POaisd+g=
  
  two-product@^1.0.2:
    version "1.0.2"
    resolved "https://registry.yarnpkg.com/two-product/-/two-product-1.0.2.tgz#67d95d4b257a921e2cb4bd7af9511f9088522eaa"
    integrity sha1-Z9ldSyV6kh4stL16+VEfkIhSLqo=
  
  two-sum@^1.0.0:
    version "1.0.0"
    resolved "https://registry.yarnpkg.com/two-sum/-/two-sum-1.0.0.tgz#31d3f32239e4f731eca9df9155e2b297f008ab64"
    integrity sha1-MdPzIjnk9zHsqd+RVeKyl/AIq2Q=
  
  utf8@^2.1.2:
    version "2.1.2"
    resolved "https://registry.yarnpkg.com/utf8/-/utf8-2.1.2.tgz#1fa0d9270e9be850d9b05027f63519bf46457d96"
    integrity sha1-H6DZJw6b6FDZsFAn9jUZv0ZFfZY=
  
  utf8@^3.0.0:
    version "3.0.0"
    resolved "https://registry.yarnpkg.com/utf8/-/utf8-3.0.0.tgz#f052eed1364d696e769ef058b183df88c87f69d1"
    integrity sha512-E8VjFIQ/TyQgp+TZfS6l8yp/xWppSAHzidGiRrqe4bK4XP9pTRyKFgGJpO3SN7zdX4DeomTrwaseCHovfpFcqQ==
  
  utif@^2.0.1:
    version "2.0.1"
    resolved "https://registry.yarnpkg.com/utif/-/utif-2.0.1.tgz#9e1582d9bbd20011a6588548ed3266298e711759"
    integrity sha512-Z/S1fNKCicQTf375lIP9G8Sa1H/phcysstNrrSdZKj1f9g58J4NMgb5IgiEZN9/nLMPDwF0W7hdOe9Qq2IYoLg==
    dependencies:
      pako "^1.0.5"
  
  web-worker-manager@^0.2.0:
    version "0.2.0"
    resolved "https://registry.yarnpkg.com/web-worker-manager/-/web-worker-manager-0.2.0.tgz#e1bce423c640b76c409731f9de950bb1b9266521"
    integrity sha1-4bzkI8ZAt2xAlzH53pULsbkmZSE=
  
  xhr@^2.0.1:
    version "2.5.0"
    resolved "https://registry.yarnpkg.com/xhr/-/xhr-2.5.0.tgz#bed8d1676d5ca36108667692b74b316c496e49dd"
    integrity sha512-4nlO/14t3BNUZRXIXfXe+3N6w3s1KoxcJUUURctd64BLRe67E4gRwp4PjywtDY72fXpZ1y6Ch0VZQRY/gMPzzQ==
    dependencies:
      global "~4.3.0"
      is-function "^1.0.1"
      parse-headers "^2.0.0"
      xtend "^4.0.0"
  
  xml-parse-from-string@^1.0.0:
    version "1.0.1"
    resolved "https://registry.yarnpkg.com/xml-parse-from-string/-/xml-parse-from-string-1.0.1.tgz#a9029e929d3dbcded169f3c6e28238d95a5d5a28"
    integrity sha1-qQKekp09vN7RafPG4oI42VpdWig=
  
  xml2js@^0.4.5:
    version "0.4.23"
    resolved "https://registry.yarnpkg.com/xml2js/-/xml2js-0.4.23.tgz#a0c69516752421eb2ac758ee4d4ccf58843eac66"
    integrity sha512-ySPiMjM0+pLDftHgXY4By0uswI3SPKLDw/i3UXbnO8M/p28zqexCUoPmQFrYD+/1BzhGJSs2i1ERWKJAtiLrug==
    dependencies:
      sax ">=0.6.0"
      xmlbuilder "~11.0.0"
  
  xmlbuilder@~11.0.0:
    version "11.0.1"
    resolved "https://registry.yarnpkg.com/xmlbuilder/-/xmlbuilder-11.0.1.tgz#be9bae1c8a046e76b31127726347d0ad7002beb3"
    integrity sha512-fDlsI/kFEx7gLvbecc0/ohLG50fugQp8ryHzMTuW9vSa1GJ0XYWKnhsUx7oie3G98+r56aTQIUB4kht42R3JvA==
  
  xtend@^4.0.0:
    version "4.0.2"
    resolved "https://registry.yarnpkg.com/xtend/-/xtend-4.0.2.tgz#bb72779f5fa465186b1f438f674fa347fdb5db54"
    integrity sha512-LKYU1iAXJXUgAXn9URjiu+MWhyUXHsvfp7mcuYm9dSUKK0/CjtrUwFAxD82/mCWbtLsGjFIad0wIsod4zrTAEQ==
